0.000 [ Info   ][Logger] No ORO_LOGLEVEL environment variable set.
0.000 [ Info   ][Logger]  OROCOS version '2.9.0' compiled with GCC 7.5.0. Running in GNU/Linux.
0.000 [ Info   ][Logger] Orocos Logging Activated at level : [ Warning] ( 4 ) 
0.000 [ Info   ][Logger] Reference System Time is : 9723379952013 ticks ( 9723.38 seconds ).
0.000 [ Info   ][Logger] Logging is relative to this time.
0.000 [ Info   ][Logger] RTT_COMPONENT_PATH was set to: /home/polytech/ws/underlay_isolated/install_isolated/lib/orocos:/home/polytech/ws/underlay/devel/lib/orocos:/home/polytech/Bureau/projet_TR/TP3/rosws/devel/lib/orocos . Searching in: /home/polytech/ws/underlay_isolated/install_isolated/lib/orocos:/home/polytech/ws/underlay/devel/lib/orocos:/home/polytech/Bureau/projet_TR/TP3/rosws/devel/lib/orocos
0.000 [ Info   ][Logger] plugin 'rtt' not loaded before.
0.000 [ Info   ][Logger] Loading plugin libraries from directory /home/polytech/ws/underlay_isolated/install_isolated/lib/orocos/gnulinux/./plugins ...
0.000 [ Info   ][Logger] Loaded RTT Service 'scripting' from 'rtt-scripting'
0.001 [ Info   ][Logger] Loaded RTT Service 'marshalling' from 'rtt-marshalling'
0.001 [ Info   ][Logger] typekit 'rtt' not loaded before.
0.001 [ Info   ][Logger] Loading typekit libraries from directory /home/polytech/ws/underlay_isolated/install_isolated/lib/orocos/gnulinux/./types ...
0.002 [ Info   ][TypekitRepository::Import] Loading Transport mqueue://rtt-types.
0.002 [ Info   ][Logger] Loaded RTT TypeKit/Transport 'rtt-mqueue-transport' from 'rtt-transport-mqueue'
0.026 [ Info   ][TypekitRepository::Import] Loading Typekit rtt-types.
0.026 [ Info   ][TypekitRepository::Import] Registered new 'mqueue' transport for int
0.026 [ Info   ][TypekitRepository::Import] Registered new 'mqueue' transport for uint
0.026 [ Info   ][TypekitRepository::Import] Registered new 'mqueue' transport for llong
0.026 [ Info   ][TypekitRepository::Import] Registered new 'mqueue' transport for ullong
0.026 [ Info   ][TypekitRepository::Import] Registered new 'mqueue' transport for double
0.026 [ Info   ][TypekitRepository::Import] Registered new 'mqueue' transport for float
0.026 [ Info   ][TypekitRepository::Import] Registered new 'mqueue' transport for char
0.026 [ Info   ][TypekitRepository::Import] Registered new 'mqueue' transport for bool
0.026 [ Info   ][TypekitRepository::Import] Registered new 'mqueue' transport for array
0.026 [ Info   ][Logger] Loaded RTT TypeKit/Transport 'rtt-types' from 'rtt-typekit'
0.026 [ Info   ][Logger] RTT_COMPONENT_PATH was set to: /home/polytech/ws/underlay_isolated/install_isolated/lib/orocos:/home/polytech/ws/underlay/devel/lib/orocos:/home/polytech/Bureau/projet_TR/TP3/rosws/devel/lib/orocos . Searching in: /home/polytech/ws/underlay_isolated/install_isolated/lib/orocos:/home/polytech/ws/underlay/devel/lib/orocos:/home/polytech/Bureau/projet_TR/TP3/rosws/devel/lib/orocos
0.026 [ Info   ][Logger] OCL factory set for real-time logging
0.026 [ Info   ][Thread] Creating Thread for scheduler=ORO_SCHED_OTHER, priority=1, CPU affinity=0, with name='Deployer'
0.026 [ Info   ][Deployer] Thread created with scheduler type 'ORO_SCHED_OTHER', priority 0, cpu affinity 15 and period 0 (PID= 3477 ).
0.027 [ Info   ][Logger] No site file was found. Importing 'ocl' by default.
0.027 [ Info   ][ComponentLoader::import(path_list)] Importing directory /home/polytech/ws/underlay_isolated/install_isolated/lib/orocos/gnulinux/ocl ...
0.028 [ Info   ][ComponentLoader::import(path_list)] Loaded multi component library '/home/polytech/ws/underlay_isolated/install_isolated/lib/orocos/gnulinux/ocl/liborocos-ocl-logging-gnulinux.so'
0.029 [ Info   ][ComponentLoader::import(path_list)] Loaded multi component library '/home/polytech/ws/underlay_isolated/install_isolated/lib/orocos/gnulinux/ocl/liborocos-ocl-common-gnulinux.so'
0.034 [ Info   ][ComponentLoader::import(path_list)] Loaded component type 'OCL::logging::Log4cxxAppender'
0.038 [ Info   ][ComponentLoader::import(path_list)] Loaded multi component library '/home/polytech/ws/underlay_isolated/install_isolated/lib/orocos/gnulinux/ocl/liborocos-ocl-reporting-netcdf-gnulinux.so'
0.039 [ Info   ][ComponentLoader::import(path_list)] Loaded component type 'OCL::NetcdfReporting'
0.040 [ Info   ][ComponentLoader::import(path_list)] Loaded multi component library '/home/polytech/ws/underlay_isolated/install_isolated/lib/orocos/gnulinux/ocl/liborocos-ocl-timer-gnulinux.so'
0.043 [ Info   ][ComponentLoader::import(path_list)] Loaded component type 'OCL::HelloWorld'
0.043 [ Info   ][ComponentLoader::import(path_list)] Loaded multi component library '/home/polytech/ws/underlay_isolated/install_isolated/lib/orocos/gnulinux/ocl/liborocos-ocl-reporting-gnulinux.so'
0.043 [ Info   ][ComponentLoader::import(path_list)] Loading typekit libraries from directory /home/polytech/ws/underlay_isolated/install_isolated/lib/orocos/gnulinux/ocl/types ...
0.045 [ Info   ][TypekitRepository::Import] Loading Typekit OCLTypekit.
0.045 [ Info   ][ComponentLoader::import(path_list)] Loaded RTT TypeKit/Transport 'OCLTypekit' from 'ocl'
0.045 [ Info   ][ComponentLoader::import(path_list)] Loading plugin libraries from directory /home/polytech/ws/underlay_isolated/install_isolated/lib/orocos/gnulinux/ocl/plugins ...
0.047 [ Info   ][ComponentLoader::import(path_list)] Loaded RTT Service 'os' from 'os'
0.048 [ Info   ][ComponentLoader::import(path_list)] Loaded RTT Service 'print' from 'print'
0.048 [ Info   ][Logger] Loading Service or Plugin scripting in TaskContext Deployer
0.049 [ Info   ][Logger] Found complete interface of requested service 'scripting'
0.049 [ Info   ][Logger] Running Script controller.ops ...
0.049 [ Info   ][Thread] Creating Thread for scheduler=ORO_SCHED_OTHER, priority=1, CPU affinity=0, with name='GlobalEngine'
0.050 [ Info   ][GlobalEngine] Thread created with scheduler type 'ORO_SCHED_OTHER', priority 0, cpu affinity 15 and period 0 (PID= 3478 ).
0.051 [ Info   ][ComponentLoader::import(path_list)] Importing directory /home/polytech/Bureau/projet_TR/TP3/rosws/devel/lib/orocos/gnulinux/Controller ...
0.055 [ Info   ][ComponentLoader::import(path_list)] Loaded component type 'Controller'
0.055 [ Info   ][Thread] Creating Thread for scheduler=ORO_SCHED_OTHER, priority=1, CPU affinity=0, with name='C1'
0.055 [ Info   ][C1] Thread created with scheduler type 'ORO_SCHED_OTHER', priority 0, cpu affinity 15 and period 0 (PID= 3479 ).
0.055 [ Info   ][loadComponent] Controller constructed !
0.056 [ Info   ][loadComponent] Adding C1 as new peer:  OK.
0.056 [ Info   ][ScriptingService] Controller configured !
0.056 [ Info   ][ScriptingService] Controller started !
0.057 [ Info   ][Thread] Creating Thread for scheduler=ORO_SCHED_OTHER, priority=1, CPU affinity=0, with name='TaskBrowser'
0.057 [ Info   ][TaskBrowser] Thread created with scheduler type 'ORO_SCHED_OTHER', priority 0, cpu affinity 15 and period 0 (PID= 3480 ).
0.057 [ Info   ][Logger] Entering Task Deployer
1.070 [ Info   ][Logger] Controller executes updateHook !
1.505 [ Info   ][Logger] Ignoring deployment shutdown function due to missing peer.
1.505 [ Info   ][stopComponentsGroup] Stopping group 0
1.505 [ Info   ][stopComponentsGroup] Controller executes stopping !
1.505 [ Info   ][stopComponentsGroup] Stopped C1
1.505 [ Info   ][cleanupComponentsGroup] Cleaning up group 0
1.505 [ Info   ][cleanupComponentsGroup] Controller cleaning up !
1.505 [ Info   ][cleanupComponentsGroup] Cleaned up C1
1.505 [ Info   ][Logger] Unloading group 0
1.506 [ Info   ][Logger] Disconnected and destroyed C1
1.506 [ Info   ][Logger] Kick-out of group 0 successful.
1.506 [ Info   ][Logger] Orocos Logging Deactivated.
