Determining if the pthread_create exist failed with the following output:
Change Dir: /home/polytech/Bureau/projet_TR/TP3/rosws/build/CMakeFiles/CMakeTmp

Run Build Command:"/usr/bin/make" "cmTC_9e331/fast"
/usr/bin/make -f CMakeFiles/cmTC_9e331.dir/build.make CMakeFiles/cmTC_9e331.dir/build
make[1] : on entre dans le répertoire « /home/polytech/Bureau/projet_TR/TP3/rosws/build/CMakeFiles/CMakeTmp »
Building C object CMakeFiles/cmTC_9e331.dir/CheckSymbolExists.c.o
/usr/bin/cc    -o CMakeFiles/cmTC_9e331.dir/CheckSymbolExists.c.o   -c /home/polytech/Bureau/projet_TR/TP3/rosws/build/CMakeFiles/CMakeTmp/CheckSymbolExists.c
Linking C executable cmTC_9e331
/usr/bin/cmake -E cmake_link_script CMakeFiles/cmTC_9e331.dir/link.txt --verbose=1
/usr/bin/cc      -rdynamic CMakeFiles/cmTC_9e331.dir/CheckSymbolExists.c.o  -o cmTC_9e331 
CMakeFiles/cmTC_9e331.dir/CheckSymbolExists.c.o : Dans la fonction « main » :
CheckSymbolExists.c:(.text+0x1b) : référence indéfinie vers « pthread_create »
collect2: error: ld returned 1 exit status
CMakeFiles/cmTC_9e331.dir/build.make:97: recipe for target 'cmTC_9e331' failed
make[1]: *** [cmTC_9e331] Error 1
make[1] : on quitte le répertoire « /home/polytech/Bureau/projet_TR/TP3/rosws/build/CMakeFiles/CMakeTmp »
Makefile:126: recipe for target 'cmTC_9e331/fast' failed
make: *** [cmTC_9e331/fast] Error 2

File /home/polytech/Bureau/projet_TR/TP3/rosws/build/CMakeFiles/CMakeTmp/CheckSymbolExists.c:
/* */
#include <pthread.h>

int main(int argc, char** argv)
{
  (void)argv;
#ifndef pthread_create
  return ((int*)(&pthread_create))[argc];
#else
  (void)argc;
  return 0;
#endif
}

Determining if the function pthread_create exists in the pthreads failed with the following output:
Change Dir: /home/polytech/Bureau/projet_TR/TP3/rosws/build/CMakeFiles/CMakeTmp

Run Build Command:"/usr/bin/make" "cmTC_03116/fast"
/usr/bin/make -f CMakeFiles/cmTC_03116.dir/build.make CMakeFiles/cmTC_03116.dir/build
make[1] : on entre dans le répertoire « /home/polytech/Bureau/projet_TR/TP3/rosws/build/CMakeFiles/CMakeTmp »
Building C object CMakeFiles/cmTC_03116.dir/CheckFunctionExists.c.o
/usr/bin/cc   -DCHECK_FUNCTION_EXISTS=pthread_create   -o CMakeFiles/cmTC_03116.dir/CheckFunctionExists.c.o   -c /usr/share/cmake-3.10/Modules/CheckFunctionExists.c
Linking C executable cmTC_03116
/usr/bin/cmake -E cmake_link_script CMakeFiles/cmTC_03116.dir/link.txt --verbose=1
/usr/bin/cc  -DCHECK_FUNCTION_EXISTS=pthread_create    -rdynamic CMakeFiles/cmTC_03116.dir/CheckFunctionExists.c.o  -o cmTC_03116 -lpthreads 
/usr/bin/ld : ne peut trouver -lpthreads
collect2: error: ld returned 1 exit status
CMakeFiles/cmTC_03116.dir/build.make:97: recipe for target 'cmTC_03116' failed
make[1]: *** [cmTC_03116] Error 1
make[1] : on quitte le répertoire « /home/polytech/Bureau/projet_TR/TP3/rosws/build/CMakeFiles/CMakeTmp »
Makefile:126: recipe for target 'cmTC_03116/fast' failed
make: *** [cmTC_03116/fast] Error 2


